1590910657929	geckodriver	INFO	geckodriver 0.19.1
1590910657933	geckodriver	INFO	Listening on 127.0.0.1:51409
1590910659001	mozrunner::runner	INFO	Running command: "/usr/bin/firefox" "-marionette" "-profile" "/tmp/rust_mozprofile.9q1NPyHTN4Vv"
libGL error: No matching fbConfigs or visuals found
libGL error: failed to load driver: swrast
1590910659269	addons.webextension.doh-rollout@mozilla.org	WARN	Loading extension 'doh-rollout@mozilla.org': Reading manifest: Invalid extension permission: networkStatus
1590910659584	addons.webextension.screenshots@mozilla.org	WARN	Loading extension 'screenshots@mozilla.org': Reading manifest: Invalid extension permission: mozillaAddons
1590910659585	addons.webextension.screenshots@mozilla.org	WARN	Loading extension 'screenshots@mozilla.org': Reading manifest: Invalid extension permission: telemetry
1590910659585	addons.webextension.screenshots@mozilla.org	WARN	Loading extension 'screenshots@mozilla.org': Reading manifest: Invalid extension permission: resource://pdf.js/
1590910659585	addons.webextension.screenshots@mozilla.org	WARN	Loading extension 'screenshots@mozilla.org': Reading manifest: Invalid extension permission: about:reader*
1590910659664	Marionette	TRACE	Marionette enabled
1590910659734	Marionette	TRACE	Received observer notification toplevel-window-ready
1590910660825	Marionette	TRACE	Received observer notification marionette-startup-requested
1590910660825	Marionette	TRACE	Waiting until startup recorder finished recording startup scripts...
1590910660836	Marionette	TRACE	All scripts recorded.
1590910660836	Marionette	DEBUG	Setting recommended pref app.update.disabledForTesting to true
1590910660836	Marionette	DEBUG	Setting recommended pref browser.contentblocking.introCount to 99
1590910660836	Marionette	DEBUG	Setting recommended pref browser.tabs.remote.separatePrivilegedContentProcess to false
1590910660836	Marionette	DEBUG	Setting recommended pref browser.tabs.unloadOnLowMemory to false
1590910660836	Marionette	DEBUG	Setting recommended pref datareporting.policy.dataSubmissionPolicyAccepted to false
1590910660836	Marionette	DEBUG	Setting recommended pref dom.disable_beforeunload to true
1590910660837	Marionette	DEBUG	Setting recommended pref dom.push.connection.enabled to false
1590910660837	Marionette	DEBUG	Setting recommended pref privacy.trackingprotection.enabled to false
1590910660837	Marionette	DEBUG	Setting recommended pref security.certerrors.mitm.priming.enabled to false
1590910660837	Marionette	DEBUG	Setting recommended pref toolkit.cosmeticAnimations.enabled to false
1590910660870	Marionette	INFO	Listening on port 45451
1590910660871	Marionette	DEBUG	Marionette is listening
1590910660909	Marionette	DEBUG	Accepted connection 0 from 127.0.0.1:54810
1590910660914	Marionette	DEBUG	0 -> [0,1,"newSession",{"acceptInsecureCerts":true,"browserName":"firefox","capabilities":{"desiredCapabilities":{"acceptInsecureCerts":true,"browserName":"firefox"}}}]
1590910660914	Marionette	DEBUG	0 <- [1,1,{"error":"unknown command","message":"newSession","stacktrace":"WebDriverError@chrome://marionette/content/error.js:175: ... t@chrome://marionette/content/server.js:249:9\n_onJSONObjectReady/<@chrome://marionette/content/transport.js:501:20\n"},null]
Exiting due to channel error.
Exiting due to channel error.
1590910892666	geckodriver	INFO	geckodriver 0.19.1
1590910892671	geckodriver	INFO	Listening on 127.0.0.1:48267
1590910893733	mozrunner::runner	INFO	Running command: "/usr/bin/firefox" "-marionette" "-profile" "/tmp/rust_mozprofile.lb7EVdOyAAKp"
libGL error: No matching fbConfigs or visuals found
libGL error: failed to load driver: swrast
1590910894032	addons.webextension.doh-rollout@mozilla.org	WARN	Loading extension 'doh-rollout@mozilla.org': Reading manifest: Invalid extension permission: networkStatus
1590910894338	addons.webextension.screenshots@mozilla.org	WARN	Loading extension 'screenshots@mozilla.org': Reading manifest: Invalid extension permission: mozillaAddons
1590910894338	addons.webextension.screenshots@mozilla.org	WARN	Loading extension 'screenshots@mozilla.org': Reading manifest: Invalid extension permission: telemetry
1590910894338	addons.webextension.screenshots@mozilla.org	WARN	Loading extension 'screenshots@mozilla.org': Reading manifest: Invalid extension permission: resource://pdf.js/
1590910894338	addons.webextension.screenshots@mozilla.org	WARN	Loading extension 'screenshots@mozilla.org': Reading manifest: Invalid extension permission: about:reader*
1590910894420	Marionette	TRACE	Marionette enabled
1590910894491	Marionette	TRACE	Received observer notification toplevel-window-ready
1590910895581	Marionette	TRACE	Received observer notification marionette-startup-requested
1590910895582	Marionette	TRACE	Waiting until startup recorder finished recording startup scripts...
1590910895592	Marionette	TRACE	All scripts recorded.
1590910895592	Marionette	DEBUG	Setting recommended pref app.update.disabledForTesting to true
1590910895593	Marionette	DEBUG	Setting recommended pref browser.contentblocking.introCount to 99
1590910895593	Marionette	DEBUG	Setting recommended pref browser.tabs.remote.separatePrivilegedContentProcess to false
1590910895593	Marionette	DEBUG	Setting recommended pref browser.tabs.unloadOnLowMemory to false
1590910895593	Marionette	DEBUG	Setting recommended pref datareporting.policy.dataSubmissionPolicyAccepted to false
1590910895593	Marionette	DEBUG	Setting recommended pref dom.disable_beforeunload to true
1590910895593	Marionette	DEBUG	Setting recommended pref dom.push.connection.enabled to false
1590910895594	Marionette	DEBUG	Setting recommended pref privacy.trackingprotection.enabled to false
1590910895594	Marionette	DEBUG	Setting recommended pref security.certerrors.mitm.priming.enabled to false
1590910895594	Marionette	DEBUG	Setting recommended pref toolkit.cosmeticAnimations.enabled to false
1590910895629	Marionette	INFO	Listening on port 43019
1590910895630	Marionette	DEBUG	Marionette is listening
1590910895645	Marionette	DEBUG	Accepted connection 0 from 127.0.0.1:57720
1590910895646	Marionette	DEBUG	0 -> [0,1,"newSession",{"acceptInsecureCerts":true,"browserName":"firefox","capabilities":{"desiredCapabilities":{"acceptInsecureCerts":true,"browserName":"firefox"}}}]
1590910895646	Marionette	DEBUG	0 <- [1,1,{"error":"unknown command","message":"newSession","stacktrace":"WebDriverError@chrome://marionette/content/error.js:175: ... t@chrome://marionette/content/server.js:249:9\n_onJSONObjectReady/<@chrome://marionette/content/transport.js:501:20\n"},null]
Exiting due to channel error.
Exiting due to channel error.
